<?xml version="1.0" encoding="utf-8"?><testsuites><testsuite name="pytest" errors="0" failures="0" skipped="0" tests="3" time="16.669" timestamp="2024-05-02T14:50:29.811353" hostname="LAPTOP-TNONT1SL"><testcase classname="test_FormPage.TestFormPage" name="test_formPage[getData0]" time="4.274" /><testcase classname="test_FormPage.TestFormPage" name="test_formPage[getData1]" time="2.614" /><testcase classname="test_Shopping.TestShopping" name="test_shopping" time="9.755" /></testsuite></testsuites>